<?xml version="1.0" encoding="UTF-8"?>
<coverage generated="1781555153380" clover="3.2.0">
  <project timestamp="1781555153380" name="All files">
    <metrics statements="47" coveredstatements="44" conditionals="22" coveredconditionals="17" methods="13" coveredmethods="13" elements="82" coveredelements="74" complexity="0" loc="47" ncloc="47" packages="9" files="22" classes="22"/>
    <package name="components">
      <metrics statements="0" coveredstatements="0" conditionals="0" coveredconditionals="0" methods="0" coveredmethods="0"/>
      <file name="index.jsx" path="C:\Users\Admin\Desktop\SextoSemestre\Programación Integrativa\Segunda Unidad\Unidad2\practica-react\src\components\index.jsx">
        <metrics statements="0" coveredstatements="0" conditionals="0" coveredconditionals="0" methods="0" coveredmethods="0"/>
      </file>
    </package>
    <package name="components.card">
      <metrics statements="5" coveredstatements="5" conditionals="7" coveredconditionals="7" methods="2" coveredmethods="2"/>
      <file name="card.jsx" path="C:\Users\Admin\Desktop\SextoSemestre\Programación Integrativa\Segunda Unidad\Unidad2\practica-react\src\components\card\card.jsx">
        <metrics statements="5" coveredstatements="5" conditionals="7" coveredconditionals="7" methods="2" coveredmethods="2"/>
        <line num="5" count="3" type="cond" truecount="1" falsecount="0"/>
        <line num="6" count="3" type="stmt"/>
        <line num="8" count="3" type="stmt"/>
        <line num="12" count="1" type="stmt"/>
        <line num="19" count="3" type="stmt"/>
      </file>
      <file name="card.module.css" path="C:\Users\Admin\Desktop\SextoSemestre\Programación Integrativa\Segunda Unidad\Unidad2\practica-react\src\components\card\card.module.css">
        <metrics statements="0" coveredstatements="0" conditionals="0" coveredconditionals="0" methods="0" coveredmethods="0"/>
      </file>
      <file name="index.jsx" path="C:\Users\Admin\Desktop\SextoSemestre\Programación Integrativa\Segunda Unidad\Unidad2\practica-react\src\components\card\index.jsx">
        <metrics statements="0" coveredstatements="0" conditionals="0" coveredconditionals="0" methods="0" coveredmethods="0"/>
      </file>
    </package>
    <package name="components.footer">
      <metrics statements="3" coveredstatements="3" conditionals="0" coveredconditionals="0" methods="1" coveredmethods="1"/>
      <file name="footer.jsx" path="C:\Users\Admin\Desktop\SextoSemestre\Programación Integrativa\Segunda Unidad\Unidad2\practica-react\src\components\footer\footer.jsx">
        <metrics statements="3" coveredstatements="3" conditionals="0" coveredconditionals="0" methods="1" coveredmethods="1"/>
        <line num="4" count="3" type="stmt"/>
        <line num="5" count="2" type="stmt"/>
        <line num="7" count="2" type="stmt"/>
      </file>
      <file name="footer.module.css" path="C:\Users\Admin\Desktop\SextoSemestre\Programación Integrativa\Segunda Unidad\Unidad2\practica-react\src\components\footer\footer.module.css">
        <metrics statements="0" coveredstatements="0" conditionals="0" coveredconditionals="0" methods="0" coveredmethods="0"/>
      </file>
      <file name="index.jsx" path="C:\Users\Admin\Desktop\SextoSemestre\Programación Integrativa\Segunda Unidad\Unidad2\practica-react\src\components\footer\index.jsx">
        <metrics statements="0" coveredstatements="0" conditionals="0" coveredconditionals="0" methods="0" coveredmethods="0"/>
      </file>
    </package>
    <package name="components.header">
      <metrics statements="2" coveredstatements="2" conditionals="0" coveredconditionals="0" methods="1" coveredmethods="1"/>
      <file name="header.jsx" path="C:\Users\Admin\Desktop\SextoSemestre\Programación Integrativa\Segunda Unidad\Unidad2\practica-react\src\components\header\header.jsx">
        <metrics statements="2" coveredstatements="2" conditionals="0" coveredconditionals="0" methods="1" coveredmethods="1"/>
        <line num="5" count="3" type="stmt"/>
        <line num="6" count="2" type="stmt"/>
      </file>
      <file name="header.module.css" path="C:\Users\Admin\Desktop\SextoSemestre\Programación Integrativa\Segunda Unidad\Unidad2\practica-react\src\components\header\header.module.css">
        <metrics statements="0" coveredstatements="0" conditionals="0" coveredconditionals="0" methods="0" coveredmethods="0"/>
      </file>
      <file name="index.jsx" path="C:\Users\Admin\Desktop\SextoSemestre\Programación Integrativa\Segunda Unidad\Unidad2\practica-react\src\components\header\index.jsx">
        <metrics statements="0" coveredstatements="0" conditionals="0" coveredconditionals="0" methods="0" coveredmethods="0"/>
      </file>
    </package>
    <package name="components.layout">
      <metrics statements="2" coveredstatements="2" conditionals="0" coveredconditionals="0" methods="1" coveredmethods="1"/>
      <file name="index.jsx" path="C:\Users\Admin\Desktop\SextoSemestre\Programación Integrativa\Segunda Unidad\Unidad2\practica-react\src\components\layout\index.jsx">
        <metrics statements="0" coveredstatements="0" conditionals="0" coveredconditionals="0" methods="0" coveredmethods="0"/>
      </file>
      <file name="layout.css" path="C:\Users\Admin\Desktop\SextoSemestre\Programación Integrativa\Segunda Unidad\Unidad2\practica-react\src\components\layout\layout.css">
        <metrics statements="0" coveredstatements="0" conditionals="0" coveredconditionals="0" methods="0" coveredmethods="0"/>
      </file>
      <file name="layout.jsx" path="C:\Users\Admin\Desktop\SextoSemestre\Programación Integrativa\Segunda Unidad\Unidad2\practica-react\src\components\layout\layout.jsx">
        <metrics statements="2" coveredstatements="2" conditionals="0" coveredconditionals="0" methods="1" coveredmethods="1"/>
        <line num="6" count="2" type="stmt"/>
        <line num="7" count="1" type="stmt"/>
      </file>
    </package>
    <package name="components.personaje">
      <metrics statements="3" coveredstatements="3" conditionals="0" coveredconditionals="0" methods="1" coveredmethods="1"/>
      <file name="index.jsx" path="C:\Users\Admin\Desktop\SextoSemestre\Programación Integrativa\Segunda Unidad\Unidad2\practica-react\src\components\personaje\index.jsx">
        <metrics statements="0" coveredstatements="0" conditionals="0" coveredconditionals="0" methods="0" coveredmethods="0"/>
      </file>
      <file name="personaje.jsx" path="C:\Users\Admin\Desktop\SextoSemestre\Programación Integrativa\Segunda Unidad\Unidad2\practica-react\src\components\personaje\personaje.jsx">
        <metrics statements="3" coveredstatements="3" conditionals="0" coveredconditionals="0" methods="1" coveredmethods="1"/>
        <line num="6" count="2" type="stmt"/>
        <line num="7" count="2" type="stmt"/>
        <line num="17" count="2" type="stmt"/>
      </file>
      <file name="personaje.module.css" path="C:\Users\Admin\Desktop\SextoSemestre\Programación Integrativa\Segunda Unidad\Unidad2\practica-react\src\components\personaje\personaje.module.css">
        <metrics statements="0" coveredstatements="0" conditionals="0" coveredconditionals="0" methods="0" coveredmethods="0"/>
      </file>
    </package>
    <package name="components.userCard">
      <metrics statements="5" coveredstatements="5" conditionals="5" coveredconditionals="5" methods="2" coveredmethods="2"/>
      <file name="index.jsx" path="C:\Users\Admin\Desktop\SextoSemestre\Programación Integrativa\Segunda Unidad\Unidad2\practica-react\src\components\userCard\index.jsx">
        <metrics statements="0" coveredstatements="0" conditionals="0" coveredconditionals="0" methods="0" coveredmethods="0"/>
      </file>
      <file name="userCard.jsx" path="C:\Users\Admin\Desktop\SextoSemestre\Programación Integrativa\Segunda Unidad\Unidad2\practica-react\src\components\userCard\userCard.jsx">
        <metrics statements="5" coveredstatements="5" conditionals="5" coveredconditionals="5" methods="2" coveredmethods="2"/>
        <line num="5" count="2" type="cond" truecount="1" falsecount="0"/>
        <line num="6" count="3" type="stmt"/>
        <line num="8" count="3" type="stmt"/>
        <line num="12" count="1" type="stmt"/>
        <line num="19" count="2" type="stmt"/>
      </file>
      <file name="userCard.module.css" path="C:\Users\Admin\Desktop\SextoSemestre\Programación Integrativa\Segunda Unidad\Unidad2\practica-react\src\components\userCard\userCard.module.css">
        <metrics statements="0" coveredstatements="0" conditionals="0" coveredconditionals="0" methods="0" coveredmethods="0"/>
      </file>
    </package>
    <package name="pages.personajes">
      <metrics statements="20" coveredstatements="18" conditionals="6" coveredconditionals="3" methods="4" coveredmethods="4"/>
      <file name="personaje.jsx" path="C:\Users\Admin\Desktop\SextoSemestre\Programación Integrativa\Segunda Unidad\Unidad2\practica-react\src\pages\personajes\personaje.jsx">
        <metrics statements="20" coveredstatements="18" conditionals="6" coveredconditionals="3" methods="4" coveredmethods="4"/>
        <line num="7" count="1" type="stmt"/>
        <line num="8" count="2" type="stmt"/>
        <line num="9" count="2" type="stmt"/>
        <line num="10" count="2" type="stmt"/>
        <line num="12" count="2" type="stmt"/>
        <line num="13" count="1" type="stmt"/>
        <line num="14" count="1" type="stmt"/>
        <line num="16" count="1" type="stmt"/>
        <line num="17" count="1" type="stmt"/>
        <line num="18" count="1" type="stmt"/>
        <line num="20" count="0" type="cond" truecount="0" falsecount="2"/>
        <line num="22" count="1" type="stmt"/>
        <line num="26" count="2" type="stmt"/>
        <line num="27" count="1" type="stmt"/>
        <line num="30" count="2" type="cond" truecount="2" falsecount="0"/>
        <line num="31" count="1" type="stmt"/>
        <line num="34" count="1" type="cond" truecount="1" falsecount="1"/>
        <line num="35" count="0" type="stmt"/>
        <line num="38" count="1" type="stmt"/>
        <line num="43" count="1" type="stmt"/>
      </file>
      <file name="personaje.module.css" path="C:\Users\Admin\Desktop\SextoSemestre\Programación Integrativa\Segunda Unidad\Unidad2\practica-react\src\pages\personajes\personaje.module.css">
        <metrics statements="0" coveredstatements="0" conditionals="0" coveredconditionals="0" methods="0" coveredmethods="0"/>
      </file>
    </package>
    <package name="services">
      <metrics statements="7" coveredstatements="6" conditionals="4" coveredconditionals="2" methods="1" coveredmethods="1"/>
      <file name="rick-and-morty-service.js" path="C:\Users\Admin\Desktop\SextoSemestre\Programación Integrativa\Segunda Unidad\Unidad2\practica-react\src\services\rick-and-morty-service.js">
        <metrics statements="7" coveredstatements="6" conditionals="4" coveredconditionals="2" methods="1" coveredmethods="1"/>
        <line num="1" count="1" type="stmt"/>
        <line num="3" count="1" type="stmt"/>
        <line num="4" count="1" type="stmt"/>
        <line num="5" count="1" type="cond" truecount="1" falsecount="1"/>
        <line num="6" count="0" type="stmt"/>
        <line num="9" count="1" type="stmt"/>
        <line num="10" count="1" type="cond" truecount="1" falsecount="1"/>
      </file>
    </package>
  </project>
</coverage>
