{"C:\\Users\\Admin\\Desktop\\SextoSemestre\\Programación Integrativa\\Segunda Unidad\\Unidad2\\practica-react\\src\\components\\index.jsx": {"path":"C:\\Users\\Admin\\Desktop\\SextoSemestre\\Programación Integrativa\\Segunda Unidad\\Unidad2\\practica-react\\src\\components\\index.jsx","statementMap":{},"fnMap":{},"branchMap":{},"s":{},"f":{},"b":{},"meta":{"lastBranch":0,"lastFunction":0,"lastStatement":0,"seen":{},"fnNames":{}}}
,"C:\\Users\\Admin\\Desktop\\SextoSemestre\\Programación Integrativa\\Segunda Unidad\\Unidad2\\practica-react\\src\\components\\card\\card.jsx": {"path":"C:\\Users\\Admin\\Desktop\\SextoSemestre\\Programación Integrativa\\Segunda Unidad\\Unidad2\\practica-react\\src\\components\\card\\card.jsx","statementMap":{"0":{"start":{"line":5,"column":13},"end":{"line":17,"column":null}},"1":{"start":{"line":6,"column":24},"end":{"line":6,"column":null}},"2":{"start":{"line":8,"column":4},"end":{"line":15,"column":null}},"3":{"start":{"line":12,"column":32},"end":{"line":12,"column":null}},"4":{"start":{"line":19,"column":0},"end":{"line":22,"column":null}}},"fnMap":{"0":{"name":"(anonymous_0)","decl":{"start":{"line":5,"column":13},"end":{"line":5,"column":21}},"loc":{"start":{"line":5,"column":53},"end":{"line":17,"column":null}},"line":5},"1":{"name":"(anonymous_1)","decl":{"start":{"line":12,"column":17},"end":{"line":12,"column":32}},"loc":{"start":{"line":12,"column":32},"end":{"line":12,"column":null}},"line":12}},"branchMap":{"0":{"loc":{"start":{"line":5,"column":23},"end":{"line":5,"column":42}},"type":"default-arg","locations":[{"start":{"line":5,"column":32},"end":{"line":5,"column":42}}],"line":5},"1":{"loc":{"start":{"line":10,"column":54},"end":{"line":10,"column":111}},"type":"cond-expr","locations":[{"start":{"line":10,"column":67},"end":{"line":10,"column":88}},{"start":{"line":10,"column":88},"end":{"line":10,"column":111}}],"line":10},"2":{"loc":{"start":{"line":11,"column":14},"end":{"line":11,"column":53}},"type":"cond-expr","locations":[{"start":{"line":11,"column":28},"end":{"line":11,"column":35}},{"start":{"line":11,"column":35},"end":{"line":11,"column":53}}],"line":11},"3":{"loc":{"start":{"line":13,"column":12},"end":{"line":13,"column":null}},"type":"cond-expr","locations":[{"start":{"line":13,"column":26},"end":{"line":13,"column":43}},{"start":{"line":13,"column":43},"end":{"line":13,"column":null}}],"line":13}},"s":{"0":3,"1":3,"2":3,"3":1,"4":3},"f":{"0":3,"1":1},"b":{"0":[3],"1":[2,1],"2":[1,2],"3":[1,2]},"meta":{"lastBranch":4,"lastFunction":2,"lastStatement":5,"seen":{"s:5:13:17:Infinity":0,"f:5:13:5:21":0,"b:5:32:5:42":0,"s:6:24:6:Infinity":1,"s:8:4:15:Infinity":2,"b:10:67:10:88:10:88:10:111":1,"b:11:28:11:35:11:35:11:53":2,"f:12:17:12:32":1,"s:12:32:12:Infinity":3,"b:13:26:13:43:13:43:13:Infinity":3,"s:19:0:22:Infinity":4},"fnNames":{}}}
,"C:\\Users\\Admin\\Desktop\\SextoSemestre\\Programación Integrativa\\Segunda Unidad\\Unidad2\\practica-react\\src\\components\\card\\card.module.css": {"path":"C:\\Users\\Admin\\Desktop\\SextoSemestre\\Programación Integrativa\\Segunda Unidad\\Unidad2\\practica-react\\src\\components\\card\\card.module.css","statementMap":{},"fnMap":{},"branchMap":{},"s":{},"f":{},"b":{},"meta":{"lastBranch":0,"lastFunction":0,"lastStatement":0,"seen":{},"fnNames":{}}}
,"C:\\Users\\Admin\\Desktop\\SextoSemestre\\Programación Integrativa\\Segunda Unidad\\Unidad2\\practica-react\\src\\components\\card\\index.jsx": {"path":"C:\\Users\\Admin\\Desktop\\SextoSemestre\\Programación Integrativa\\Segunda Unidad\\Unidad2\\practica-react\\src\\components\\card\\index.jsx","statementMap":{},"fnMap":{},"branchMap":{},"s":{},"f":{},"b":{},"meta":{"lastBranch":0,"lastFunction":0,"lastStatement":0,"seen":{},"fnNames":{}}}
,"C:\\Users\\Admin\\Desktop\\SextoSemestre\\Programación Integrativa\\Segunda Unidad\\Unidad2\\practica-react\\src\\components\\footer\\footer.jsx": {"path":"C:\\Users\\Admin\\Desktop\\SextoSemestre\\Programación Integrativa\\Segunda Unidad\\Unidad2\\practica-react\\src\\components\\footer\\footer.jsx","statementMap":{"0":{"start":{"line":4,"column":13},"end":{"line":12,"column":null}},"1":{"start":{"line":5,"column":21},"end":{"line":5,"column":null}},"2":{"start":{"line":7,"column":2},"end":{"line":10,"column":null}}},"fnMap":{"0":{"name":"(anonymous_0)","decl":{"start":{"line":4,"column":13},"end":{"line":4,"column":28}},"loc":{"start":{"line":4,"column":28},"end":{"line":12,"column":null}},"line":4}},"branchMap":{},"s":{"0":3,"1":2,"2":2},"f":{"0":2},"b":{},"meta":{"lastBranch":0,"lastFunction":1,"lastStatement":3,"seen":{"s:4:13:12:Infinity":0,"f:4:13:4:28":0,"s:5:21:5:Infinity":1,"s:7:2:10:Infinity":2},"fnNames":{}}}
,"C:\\Users\\Admin\\Desktop\\SextoSemestre\\Programación Integrativa\\Segunda Unidad\\Unidad2\\practica-react\\src\\components\\footer\\footer.module.css": {"path":"C:\\Users\\Admin\\Desktop\\SextoSemestre\\Programación Integrativa\\Segunda Unidad\\Unidad2\\practica-react\\src\\components\\footer\\footer.module.css","statementMap":{},"fnMap":{},"branchMap":{},"s":{},"f":{},"b":{},"meta":{"lastBranch":0,"lastFunction":0,"lastStatement":0,"seen":{},"fnNames":{}}}
,"C:\\Users\\Admin\\Desktop\\SextoSemestre\\Programación Integrativa\\Segunda Unidad\\Unidad2\\practica-react\\src\\components\\footer\\index.jsx": {"path":"C:\\Users\\Admin\\Desktop\\SextoSemestre\\Programación Integrativa\\Segunda Unidad\\Unidad2\\practica-react\\src\\components\\footer\\index.jsx","statementMap":{},"fnMap":{},"branchMap":{},"s":{},"f":{},"b":{},"meta":{"lastBranch":0,"lastFunction":0,"lastStatement":0,"seen":{},"fnNames":{}}}
,"C:\\Users\\Admin\\Desktop\\SextoSemestre\\Programación Integrativa\\Segunda Unidad\\Unidad2\\practica-react\\src\\components\\header\\header.jsx": {"path":"C:\\Users\\Admin\\Desktop\\SextoSemestre\\Programación Integrativa\\Segunda Unidad\\Unidad2\\practica-react\\src\\components\\header\\header.jsx","statementMap":{"0":{"start":{"line":5,"column":13},"end":{"line":20,"column":null}},"1":{"start":{"line":6,"column":2},"end":{"line":18,"column":null}}},"fnMap":{"0":{"name":"(anonymous_0)","decl":{"start":{"line":5,"column":13},"end":{"line":5,"column":29}},"loc":{"start":{"line":5,"column":29},"end":{"line":20,"column":null}},"line":5}},"branchMap":{},"s":{"0":3,"1":2},"f":{"0":2},"b":{},"meta":{"lastBranch":0,"lastFunction":1,"lastStatement":2,"seen":{"s:5:13:20:Infinity":0,"f:5:13:5:29":0,"s:6:2:18:Infinity":1},"fnNames":{}}}
,"C:\\Users\\Admin\\Desktop\\SextoSemestre\\Programación Integrativa\\Segunda Unidad\\Unidad2\\practica-react\\src\\components\\header\\header.module.css": {"path":"C:\\Users\\Admin\\Desktop\\SextoSemestre\\Programación Integrativa\\Segunda Unidad\\Unidad2\\practica-react\\src\\components\\header\\header.module.css","statementMap":{},"fnMap":{},"branchMap":{},"s":{},"f":{},"b":{},"meta":{"lastBranch":0,"lastFunction":0,"lastStatement":0,"seen":{},"fnNames":{}}}
,"C:\\Users\\Admin\\Desktop\\SextoSemestre\\Programación Integrativa\\Segunda Unidad\\Unidad2\\practica-react\\src\\components\\header\\index.jsx": {"path":"C:\\Users\\Admin\\Desktop\\SextoSemestre\\Programación Integrativa\\Segunda Unidad\\Unidad2\\practica-react\\src\\components\\header\\index.jsx","statementMap":{},"fnMap":{},"branchMap":{},"s":{},"f":{},"b":{},"meta":{"lastBranch":0,"lastFunction":0,"lastStatement":0,"seen":{},"fnNames":{}}}
,"C:\\Users\\Admin\\Desktop\\SextoSemestre\\Programación Integrativa\\Segunda Unidad\\Unidad2\\practica-react\\src\\components\\layout\\index.jsx": {"path":"C:\\Users\\Admin\\Desktop\\SextoSemestre\\Programación Integrativa\\Segunda Unidad\\Unidad2\\practica-react\\src\\components\\layout\\index.jsx","statementMap":{},"fnMap":{},"branchMap":{},"s":{},"f":{},"b":{},"meta":{"lastBranch":0,"lastFunction":0,"lastStatement":0,"seen":{},"fnNames":{}}}
,"C:\\Users\\Admin\\Desktop\\SextoSemestre\\Programación Integrativa\\Segunda Unidad\\Unidad2\\practica-react\\src\\components\\layout\\layout.css": {"path":"C:\\Users\\Admin\\Desktop\\SextoSemestre\\Programación Integrativa\\Segunda Unidad\\Unidad2\\practica-react\\src\\components\\layout\\layout.css","statementMap":{},"fnMap":{},"branchMap":{},"s":{},"f":{},"b":{},"meta":{"lastBranch":0,"lastFunction":0,"lastStatement":0,"seen":{},"fnNames":{}}}
,"C:\\Users\\Admin\\Desktop\\SextoSemestre\\Programación Integrativa\\Segunda Unidad\\Unidad2\\practica-react\\src\\components\\layout\\layout.jsx": {"path":"C:\\Users\\Admin\\Desktop\\SextoSemestre\\Programación Integrativa\\Segunda Unidad\\Unidad2\\practica-react\\src\\components\\layout\\layout.jsx","statementMap":{"0":{"start":{"line":6,"column":13},"end":{"line":16,"column":null}},"1":{"start":{"line":7,"column":4},"end":{"line":14,"column":null}}},"fnMap":{"0":{"name":"(anonymous_0)","decl":{"start":{"line":6,"column":13},"end":{"line":6,"column":23}},"loc":{"start":{"line":6,"column":40},"end":{"line":16,"column":null}},"line":6}},"branchMap":{},"s":{"0":2,"1":1},"f":{"0":1},"b":{},"meta":{"lastBranch":0,"lastFunction":1,"lastStatement":2,"seen":{"s:6:13:16:Infinity":0,"f:6:13:6:23":0,"s:7:4:14:Infinity":1},"fnNames":{}}}
,"C:\\Users\\Admin\\Desktop\\SextoSemestre\\Programación Integrativa\\Segunda Unidad\\Unidad2\\practica-react\\src\\components\\personaje\\index.jsx": {"path":"C:\\Users\\Admin\\Desktop\\SextoSemestre\\Programación Integrativa\\Segunda Unidad\\Unidad2\\practica-react\\src\\components\\personaje\\index.jsx","statementMap":{},"fnMap":{},"branchMap":{},"s":{},"f":{},"b":{},"meta":{"lastBranch":0,"lastFunction":0,"lastStatement":0,"seen":{},"fnNames":{}}}
,"C:\\Users\\Admin\\Desktop\\SextoSemestre\\Programación Integrativa\\Segunda Unidad\\Unidad2\\practica-react\\src\\components\\personaje\\personaje.jsx": {"path":"C:\\Users\\Admin\\Desktop\\SextoSemestre\\Programación Integrativa\\Segunda Unidad\\Unidad2\\practica-react\\src\\components\\personaje\\personaje.jsx","statementMap":{"0":{"start":{"line":6,"column":13},"end":{"line":14,"column":null}},"1":{"start":{"line":7,"column":2},"end":{"line":12,"column":null}},"2":{"start":{"line":17,"column":0},"end":{"line":21,"column":null}}},"fnMap":{"0":{"name":"(anonymous_0)","decl":{"start":{"line":6,"column":13},"end":{"line":6,"column":30}},"loc":{"start":{"line":6,"column":60},"end":{"line":14,"column":null}},"line":6}},"branchMap":{},"s":{"0":2,"1":2,"2":2},"f":{"0":2},"b":{},"meta":{"lastBranch":0,"lastFunction":1,"lastStatement":3,"seen":{"s:6:13:14:Infinity":0,"f:6:13:6:30":0,"s:7:2:12:Infinity":1,"s:17:0:21:Infinity":2},"fnNames":{}}}
,"C:\\Users\\Admin\\Desktop\\SextoSemestre\\Programación Integrativa\\Segunda Unidad\\Unidad2\\practica-react\\src\\components\\personaje\\personaje.module.css": {"path":"C:\\Users\\Admin\\Desktop\\SextoSemestre\\Programación Integrativa\\Segunda Unidad\\Unidad2\\practica-react\\src\\components\\personaje\\personaje.module.css","statementMap":{},"fnMap":{},"branchMap":{},"s":{},"f":{},"b":{},"meta":{"lastBranch":0,"lastFunction":0,"lastStatement":0,"seen":{},"fnNames":{}}}
,"C:\\Users\\Admin\\Desktop\\SextoSemestre\\Programación Integrativa\\Segunda Unidad\\Unidad2\\practica-react\\src\\components\\userCard\\index.jsx": {"path":"C:\\Users\\Admin\\Desktop\\SextoSemestre\\Programación Integrativa\\Segunda Unidad\\Unidad2\\practica-react\\src\\components\\userCard\\index.jsx","statementMap":{},"fnMap":{},"branchMap":{},"s":{},"f":{},"b":{},"meta":{"lastBranch":0,"lastFunction":0,"lastStatement":0,"seen":{},"fnNames":{}}}
,"C:\\Users\\Admin\\Desktop\\SextoSemestre\\Programación Integrativa\\Segunda Unidad\\Unidad2\\practica-react\\src\\components\\userCard\\userCard.jsx": {"path":"C:\\Users\\Admin\\Desktop\\SextoSemestre\\Programación Integrativa\\Segunda Unidad\\Unidad2\\practica-react\\src\\components\\userCard\\userCard.jsx","statementMap":{"0":{"start":{"line":5,"column":13},"end":{"line":17,"column":null}},"1":{"start":{"line":6,"column":23},"end":{"line":6,"column":null}},"2":{"start":{"line":8,"column":2},"end":{"line":15,"column":null}},"3":{"start":{"line":12,"column":29},"end":{"line":12,"column":null}},"4":{"start":{"line":19,"column":0},"end":{"line":23,"column":null}}},"fnMap":{"0":{"name":"(anonymous_0)","decl":{"start":{"line":5,"column":13},"end":{"line":5,"column":25}},"loc":{"start":{"line":5,"column":51},"end":{"line":17,"column":null}},"line":5},"1":{"name":"(anonymous_1)","decl":{"start":{"line":12,"column":14},"end":{"line":12,"column":29}},"loc":{"start":{"line":12,"column":29},"end":{"line":12,"column":null}},"line":12}},"branchMap":{"0":{"loc":{"start":{"line":5,"column":34},"end":{"line":5,"column":51}},"type":"default-arg","locations":[{"start":{"line":5,"column":41},"end":{"line":5,"column":51}}],"line":5},"1":{"loc":{"start":{"line":11,"column":10},"end":{"line":11,"column":63}},"type":"cond-expr","locations":[{"start":{"line":11,"column":25},"end":{"line":11,"column":42}},{"start":{"line":11,"column":42},"end":{"line":11,"column":63}}],"line":11},"2":{"loc":{"start":{"line":13,"column":9},"end":{"line":13,"column":null}},"type":"cond-expr","locations":[{"start":{"line":13,"column":24},"end":{"line":13,"column":39}},{"start":{"line":13,"column":39},"end":{"line":13,"column":null}}],"line":13}},"s":{"0":2,"1":3,"2":3,"3":1,"4":2},"f":{"0":3,"1":1},"b":{"0":[3],"1":[2,1],"2":[2,1]},"meta":{"lastBranch":3,"lastFunction":2,"lastStatement":5,"seen":{"s:5:13:17:Infinity":0,"f:5:13:5:25":0,"b:5:41:5:51":0,"s:6:23:6:Infinity":1,"s:8:2:15:Infinity":2,"b:11:25:11:42:11:42:11:63":1,"f:12:14:12:29":1,"s:12:29:12:Infinity":3,"b:13:24:13:39:13:39:13:Infinity":2,"s:19:0:23:Infinity":4},"fnNames":{}}}
,"C:\\Users\\Admin\\Desktop\\SextoSemestre\\Programación Integrativa\\Segunda Unidad\\Unidad2\\practica-react\\src\\components\\userCard\\userCard.module.css": {"path":"C:\\Users\\Admin\\Desktop\\SextoSemestre\\Programación Integrativa\\Segunda Unidad\\Unidad2\\practica-react\\src\\components\\userCard\\userCard.module.css","statementMap":{},"fnMap":{},"branchMap":{},"s":{},"f":{},"b":{},"meta":{"lastBranch":0,"lastFunction":0,"lastStatement":0,"seen":{},"fnNames":{}}}
,"C:\\Users\\Admin\\Desktop\\SextoSemestre\\Programación Integrativa\\Segunda Unidad\\Unidad2\\practica-react\\src\\pages\\personajes\\personaje.jsx": {"path":"C:\\Users\\Admin\\Desktop\\SextoSemestre\\Programación Integrativa\\Segunda Unidad\\Unidad2\\practica-react\\src\\pages\\personajes\\personaje.jsx","statementMap":{"0":{"start":{"line":7,"column":13},"end":{"line":53,"column":null}},"1":{"start":{"line":8,"column":21},"end":{"line":8,"column":null}},"2":{"start":{"line":9,"column":18},"end":{"line":9,"column":null}},"3":{"start":{"line":10,"column":16},"end":{"line":10,"column":null}},"4":{"start":{"line":12,"column":24},"end":{"line":24,"column":null}},"5":{"start":{"line":13,"column":4},"end":{"line":13,"column":null}},"6":{"start":{"line":14,"column":4},"end":{"line":14,"column":null}},"7":{"start":{"line":16,"column":4},"end":{"line":23,"column":null}},"8":{"start":{"line":17,"column":19},"end":{"line":17,"column":null}},"9":{"start":{"line":18,"column":6},"end":{"line":18,"column":null}},"10":{"start":{"line":20,"column":6},"end":{"line":20,"column":null}},"11":{"start":{"line":22,"column":6},"end":{"line":22,"column":null}},"12":{"start":{"line":26,"column":2},"end":{"line":28,"column":null}},"13":{"start":{"line":27,"column":4},"end":{"line":27,"column":null}},"14":{"start":{"line":30,"column":2},"end":{"line":32,"column":null}},"15":{"start":{"line":31,"column":4},"end":{"line":31,"column":null}},"16":{"start":{"line":34,"column":2},"end":{"line":36,"column":null}},"17":{"start":{"line":35,"column":4},"end":{"line":35,"column":null}},"18":{"start":{"line":38,"column":2},"end":{"line":51,"column":null}},"19":{"start":{"line":43,"column":10},"end":{"line":48,"column":null}}},"fnMap":{"0":{"name":"(anonymous_0)","decl":{"start":{"line":7,"column":13},"end":{"line":7,"column":35}},"loc":{"start":{"line":7,"column":35},"end":{"line":53,"column":null}},"line":7},"1":{"name":"(anonymous_1)","decl":{"start":{"line":12,"column":24},"end":{"line":12,"column":36}},"loc":{"start":{"line":12,"column":36},"end":{"line":24,"column":null}},"line":12},"2":{"name":"(anonymous_2)","decl":{"start":{"line":26,"column":2},"end":{"line":26,"column":18}},"loc":{"start":{"line":26,"column":18},"end":{"line":28,"column":5}},"line":26},"3":{"name":"(anonymous_3)","decl":{"start":{"line":42,"column":20},"end":{"line":42,"column":25}},"loc":{"start":{"line":43,"column":10},"end":{"line":48,"column":null}},"line":43}},"branchMap":{"0":{"loc":{"start":{"line":20,"column":15},"end":{"line":20,"column":64}},"type":"binary-expr","locations":[{"start":{"line":20,"column":15},"end":{"line":20,"column":30}},{"start":{"line":20,"column":30},"end":{"line":20,"column":64}}],"line":20},"1":{"loc":{"start":{"line":30,"column":2},"end":{"line":32,"column":null}},"type":"if","locations":[{"start":{"line":30,"column":2},"end":{"line":32,"column":null}},{"start":{},"end":{}}],"line":30},"2":{"loc":{"start":{"line":34,"column":2},"end":{"line":36,"column":null}},"type":"if","locations":[{"start":{"line":34,"column":2},"end":{"line":36,"column":null}},{"start":{},"end":{}}],"line":34}},"s":{"0":1,"1":2,"2":2,"3":2,"4":2,"5":1,"6":1,"7":1,"8":1,"9":1,"10":0,"11":1,"12":2,"13":1,"14":2,"15":1,"16":1,"17":0,"18":1,"19":1},"f":{"0":2,"1":1,"2":1,"3":1},"b":{"0":[0,0],"1":[1,1],"2":[0,1]},"meta":{"lastBranch":3,"lastFunction":4,"lastStatement":20,"seen":{"s:7:13:53:Infinity":0,"f:7:13:7:35":0,"s:8:21:8:Infinity":1,"s:9:18:9:Infinity":2,"s:10:16:10:Infinity":3,"s:12:24:24:Infinity":4,"f:12:24:12:36":1,"s:13:4:13:Infinity":5,"s:14:4:14:Infinity":6,"s:16:4:23:Infinity":7,"s:17:19:17:Infinity":8,"s:18:6:18:Infinity":9,"s:20:6:20:Infinity":10,"b:20:15:20:30:20:30:20:64":0,"s:22:6:22:Infinity":11,"s:26:2:28:Infinity":12,"f:26:2:26:18":2,"s:27:4:27:Infinity":13,"b:30:2:32:Infinity:undefined:undefined:undefined:undefined":1,"s:30:2:32:Infinity":14,"s:31:4:31:Infinity":15,"b:34:2:36:Infinity:undefined:undefined:undefined:undefined":2,"s:34:2:36:Infinity":16,"s:35:4:35:Infinity":17,"s:38:2:51:Infinity":18,"f:42:20:42:25":3,"s:43:10:48:Infinity":19},"fnNames":{}}}
,"C:\\Users\\Admin\\Desktop\\SextoSemestre\\Programación Integrativa\\Segunda Unidad\\Unidad2\\practica-react\\src\\pages\\personajes\\personaje.module.css": {"path":"C:\\Users\\Admin\\Desktop\\SextoSemestre\\Programación Integrativa\\Segunda Unidad\\Unidad2\\practica-react\\src\\pages\\personajes\\personaje.module.css","statementMap":{},"fnMap":{},"branchMap":{},"s":{},"f":{},"b":{},"meta":{"lastBranch":0,"lastFunction":0,"lastStatement":0,"seen":{},"fnNames":{}}}
,"C:\\Users\\Admin\\Desktop\\SextoSemestre\\Programación Integrativa\\Segunda Unidad\\Unidad2\\practica-react\\src\\services\\rick-and-morty-service.js": {"path":"C:\\Users\\Admin\\Desktop\\SextoSemestre\\Programación Integrativa\\Segunda Unidad\\Unidad2\\practica-react\\src\\services\\rick-and-morty-service.js","statementMap":{"0":{"start":{"line":1,"column":15},"end":{"line":1,"column":null}},"1":{"start":{"line":3,"column":33},"end":{"line":11,"column":null}},"2":{"start":{"line":4,"column":21},"end":{"line":4,"column":null}},"3":{"start":{"line":5,"column":4},"end":{"line":7,"column":null}},"4":{"start":{"line":6,"column":8},"end":{"line":6,"column":null}},"5":{"start":{"line":9,"column":17},"end":{"line":9,"column":null}},"6":{"start":{"line":10,"column":4},"end":{"line":10,"column":null}}},"fnMap":{"0":{"name":"(anonymous_0)","decl":{"start":{"line":3,"column":33},"end":{"line":3,"column":45}},"loc":{"start":{"line":3,"column":45},"end":{"line":11,"column":null}},"line":3}},"branchMap":{"0":{"loc":{"start":{"line":5,"column":4},"end":{"line":7,"column":null}},"type":"if","locations":[{"start":{"line":5,"column":4},"end":{"line":7,"column":null}},{"start":{},"end":{}}],"line":5},"1":{"loc":{"start":{"line":10,"column":11},"end":{"line":10,"column":null}},"type":"binary-expr","locations":[{"start":{"line":10,"column":11},"end":{"line":10,"column":27}},{"start":{"line":10,"column":27},"end":{"line":10,"column":null}}],"line":10}},"s":{"0":1,"1":1,"2":1,"3":1,"4":0,"5":1,"6":1},"f":{"0":1},"b":{"0":[0,1],"1":[1,0]},"meta":{"lastBranch":2,"lastFunction":1,"lastStatement":7,"seen":{"s:1:15:1:Infinity":0,"s:3:33:11:Infinity":1,"f:3:33:3:45":0,"s:4:21:4:Infinity":2,"b:5:4:7:Infinity:undefined:undefined:undefined:undefined":0,"s:5:4:7:Infinity":3,"s:6:8:6:Infinity":4,"s:9:17:9:Infinity":5,"s:10:4:10:Infinity":6,"b:10:11:10:27:10:27:10:Infinity":1},"fnNames":{}}}
}
